{
  "stats": {
    "suites": 2,
    "tests": 10,
    "passes": 10,
    "pending": 0,
    "failures": 0,
    "start": "2021-07-11T18:20:00.883Z",
    "end": "2021-07-11T18:20:02.523Z",
    "duration": 1640,
    "testsRegistered": 10,
    "passPercent": 100,
    "pendingPercent": 0,
    "other": 0,
    "hasOther": false,
    "skipped": 0,
    "hasSkipped": false
  },
  "results": [
    {
      "uuid": "092a32b8-adb8-467a-b296-c56ca1ec6047",
      "title": "",
      "fullFile": "cypress/integration/Users/step_definations/api_.spec.js",
      "file": "cypress/integration/Users/step_definations/api_.spec.js",
      "beforeHooks": [],
      "afterHooks": [],
      "tests": [],
      "suites": [
        {
          "uuid": "5bb17d37-2ee5-4db4-9608-fb6c159d597f",
          "title": "Verfiy Get api  request",
          "fullFile": "",
          "file": "",
          "beforeHooks": [],
          "afterHooks": [],
          "tests": [
            {
              "title": "Navigate to  Api Url ",
              "fullTitle": "Verfiy Get api  request Navigate to  Api Url ",
              "timedOut": null,
              "duration": 448,
              "state": "passed",
              "speed": "slow",
              "pass": true,
              "fail": false,
              "pending": false,
              "context": null,
              "code": "cy.request(\"GET\", \"http://localhost:3000/\").then(function (response) {\n  expect(response.body).to.have.property(\"message\", \"hello\");\n});",
              "err": {},
              "uuid": "9466f4a2-0882-420f-a7f4-5816a608c01e",
              "parentUUID": "5bb17d37-2ee5-4db4-9608-fb6c159d597f",
              "isHook": false,
              "skipped": false
            },
            {
              "title": "Verify correct HTTP status code.",
              "fullTitle": "Verfiy Get api  request Verify correct HTTP status code.",
              "timedOut": null,
              "duration": 95,
              "state": "passed",
              "speed": "slow",
              "pass": true,
              "fail": false,
              "pending": false,
              "context": null,
              "code": "cy.request(\"GET\", \"http://localhost:3000/\").then(function (response) {\n  expect(response.status).to.eq(200);\n});",
              "err": {},
              "uuid": "b27bf6df-799f-4aa9-8b0f-c545439b34e1",
              "parentUUID": "5bb17d37-2ee5-4db4-9608-fb6c159d597f",
              "isHook": false,
              "skipped": false
            }
          ],
          "suites": [],
          "passes": [
            "9466f4a2-0882-420f-a7f4-5816a608c01e",
            "b27bf6df-799f-4aa9-8b0f-c545439b34e1"
          ],
          "failures": [],
          "pending": [],
          "skipped": [],
          "duration": 543,
          "root": false,
          "rootEmpty": false,
          "_timeout": 2000
        },
        {
          "uuid": "dc5082c4-da19-40bc-8f16-e52618070a47",
          "title": "Verfiy Post api  request",
          "fullFile": "",
          "file": "",
          "beforeHooks": [],
          "afterHooks": [],
          "tests": [
            {
              "title": "Verify POST request ",
              "fullTitle": "Verfiy Post api  request Verify POST request ",
              "timedOut": null,
              "duration": 112,
              "state": "passed",
              "speed": "slow",
              "pass": true,
              "fail": false,
              "pending": false,
              "context": null,
              "code": "cy.request(\"POST\", \"http://localhost:3000/generate\", code).then(function (response) {\n  expect(response.body).has.property(\"message\", \"user generated\");\n});",
              "err": {},
              "uuid": "f6d4a9ae-e5db-4d64-907a-8742f3185102",
              "parentUUID": "dc5082c4-da19-40bc-8f16-e52618070a47",
              "isHook": false,
              "skipped": false
            },
            {
              "title": "Verify correct HTTP status code.",
              "fullTitle": "Verfiy Post api  request Verify correct HTTP status code.",
              "timedOut": null,
              "duration": 65,
              "state": "passed",
              "speed": "medium",
              "pass": true,
              "fail": false,
              "pending": false,
              "context": null,
              "code": "//const code = { locale: \"DE\" };\ncy.request(\"POST\", \"http://localhost:3000/generate\", code).then(function (response) {\n  expect(response.status).to.eq(200);\n  expect(response.duration).to.not.be.greaterThan(1000);\n});",
              "err": {},
              "uuid": "ad2b297b-5f92-4da1-940f-1527d243f742",
              "parentUUID": "dc5082c4-da19-40bc-8f16-e52618070a47",
              "isHook": false,
              "skipped": false
            },
            {
              "title": "Verify Content-Type is present",
              "fullTitle": "Verfiy Post api  request Verify Content-Type is present",
              "timedOut": null,
              "duration": 228,
              "state": "passed",
              "speed": "slow",
              "pass": true,
              "fail": false,
              "pending": false,
              "context": null,
              "code": "//const code = { locale: \"DE\" };\ncy.request(\"POST\", \"http://localhost:3000/generate\", code).its(\"headers\").its(\"content-type\").should(\"include\", \"application/json\");",
              "err": {},
              "uuid": "fb4950c4-859c-4ca2-984a-3e7298ed1f40",
              "parentUUID": "dc5082c4-da19-40bc-8f16-e52618070a47",
              "isHook": false,
              "skipped": false
            },
            {
              "title": "Verify  Response time is less than 200ms",
              "fullTitle": "Verfiy Post api  request Verify  Response time is less than 200ms",
              "timedOut": null,
              "duration": 154,
              "state": "passed",
              "speed": "slow",
              "pass": true,
              "fail": false,
              "pending": false,
              "context": null,
              "code": "//const code = { locale: \"DE\" };\ncy.request(\"POST\", \"http://localhost:3000/generate\", code).then(function (response) {\n  expect(response.duration).to.not.be.greaterThan(1000);\n});",
              "err": {},
              "uuid": "33ded6be-9444-451d-9499-9769b6909f0e",
              "parentUUID": "dc5082c4-da19-40bc-8f16-e52618070a47",
              "isHook": false,
              "skipped": false
            },
            {
              "title": "Verify response header ",
              "fullTitle": "Verfiy Post api  request Verify response header ",
              "timedOut": null,
              "duration": 65,
              "state": "passed",
              "speed": "medium",
              "pass": true,
              "fail": false,
              "pending": false,
              "context": null,
              "code": "//const code = { locale: \"DE\" };\ncy.request(\"POST\", \"http://localhost:3000/generate\", code).then(function (response) {\n  expect(response).to.have.property(\"headers\");\n});",
              "err": {},
              "uuid": "a12d263b-5bcf-44e7-9520-4a194f9fd374",
              "parentUUID": "dc5082c4-da19-40bc-8f16-e52618070a47",
              "isHook": false,
              "skipped": false
            },
            {
              "title": "Body is not blanck ",
              "fullTitle": "Verfiy Post api  request Body is not blanck ",
              "timedOut": null,
              "duration": 65,
              "state": "passed",
              "speed": "medium",
              "pass": true,
              "fail": false,
              "pending": false,
              "context": null,
              "code": "//const code = { locale: \"DE\" };\ncy.request(\"POST\", \"http://localhost:3000/generate\", code).then(function (response) {\n  expect(response).to.not.be[\"null\"];\n});",
              "err": {},
              "uuid": "e01f4c1c-7d63-4bbd-9aee-f7ae74ce7472",
              "parentUUID": "dc5082c4-da19-40bc-8f16-e52618070a47",
              "isHook": false,
              "skipped": false
            },
            {
              "title": "Verify  Post Api response object and mandatory fileds",
              "fullTitle": "Verfiy Post api  request Verify  Post Api response object and mandatory fileds",
              "timedOut": null,
              "duration": 91,
              "state": "passed",
              "speed": "slow",
              "pass": true,
              "fail": false,
              "pending": false,
              "context": null,
              "code": "//const code = { locale: \"DE\" };\ncy.request(\"POST\", \"http://localhost:3000/generate\", code).then(function (response) {\n  var userData = response.body.user; //validates Objects {user,address,personal_profile}\n  expect(response.body).to.have.property(\"user\");\n  expect(userData).to.have.property(\"address\");\n  expect(userData).to.have.property(\"personal_profile\"); // validate object(personal_profile) fields {first_name,last_name,date_of_birth,mobile_phone,national_id}\n  var personalProfile = userData.personal_profile;\n  expect(personalProfile).to.have.property(\"first_name\").to.not.be[\"null\"];\n  expect(personalProfile).to.have.property(\"last_name\").to.not.be[\"null\"];\n  expect(personalProfile).to.have.property(\"date_of_birth\").to.not.be[\"null\"];\n  expect(personalProfile).to.have.property(\"mobile_phone\").to.not.be[\"null\"];\n  expect(personalProfile.mobile_phone).to.not.equal(\"---------\");\n  var mobileNumber = personalProfile.mobile_phone;\n  expect(mobileNumber).to.have.lengthOf(13);\n  expect(response.body.user.personal_profile).to.have.property(\"national_id\");\n  expect(response.body.user.address).to.have.property(\"address_line2\").to.not.be[\"null\"]; //expect(response.body).to.eq({ message: \"user generated\" });\n  //expect(response.body).to.have.keys(\"country\");\n  //expect(response.body.user.personal_profile.first_name).to.eq(\n  //response.body.user.personal_profile.first_name);\n  //expect(response.body.user.address.address_line2).to.not.be.null;\n  //expect(response.body.user.country).to.eq(response.body.user.country);\n  //expect(response.body.user.personal_profile.first_name).has.property(\n  //\"first_name\",\n  //response.body.user.personal_profile.first_name\n  //);\n});",
              "err": {},
              "uuid": "4fbcf601-51f3-4cd2-827d-b5ec7a5af57f",
              "parentUUID": "dc5082c4-da19-40bc-8f16-e52618070a47",
              "isHook": false,
              "skipped": false
            },
            {
              "title": "Body is not blanck ",
              "fullTitle": "Verfiy Post api  request Body is not blanck ",
              "timedOut": null,
              "duration": 50,
              "state": "passed",
              "speed": "medium",
              "pass": true,
              "fail": false,
              "pending": false,
              "context": null,
              "code": "//const code = { locale: \"DE\" };\ncy.request(\"POST\", \"http://localhost:3000/generate\", code).then(function (response) {\n  expect(response).to.not.be[\"null\"];\n});",
              "err": {},
              "uuid": "97430d35-423b-4b8f-82d0-717bc35a9964",
              "parentUUID": "dc5082c4-da19-40bc-8f16-e52618070a47",
              "isHook": false,
              "skipped": false
            }
          ],
          "suites": [],
          "passes": [
            "f6d4a9ae-e5db-4d64-907a-8742f3185102",
            "ad2b297b-5f92-4da1-940f-1527d243f742",
            "fb4950c4-859c-4ca2-984a-3e7298ed1f40",
            "33ded6be-9444-451d-9499-9769b6909f0e",
            "a12d263b-5bcf-44e7-9520-4a194f9fd374",
            "e01f4c1c-7d63-4bbd-9aee-f7ae74ce7472",
            "4fbcf601-51f3-4cd2-827d-b5ec7a5af57f",
            "97430d35-423b-4b8f-82d0-717bc35a9964"
          ],
          "failures": [],
          "pending": [],
          "skipped": [],
          "duration": 830,
          "root": false,
          "rootEmpty": false,
          "_timeout": 2000
        }
      ],
      "passes": [],
      "failures": [],
      "pending": [],
      "skipped": [],
      "duration": 0,
      "root": true,
      "rootEmpty": true,
      "_timeout": 2000
    }
  ],
  "meta": {
    "mocha": {
      "version": "7.0.1"
    },
    "mochawesome": {
      "options": {
        "quiet": false,
        "reportFilename": "report",
        "saveHtml": true,
        "saveJson": true,
        "consoleReporter": "spec",
        "useInlineDiffs": false,
        "code": true
      },
      "version": "6.2.2"
    },
    "marge": {
      "options": {
        "reportDir": "cypress/reports",
        "reportFilename": "report",
        "overwrite": false,
        "html": true,
        "json": true,
        "charts": true
      },
      "version": "5.2.0"
    }
  }
}