{
  "stats": {
    "suites": 2,
    "tests": 11,
    "passes": 11,
    "pending": 0,
    "failures": 0,
    "start": "2021-07-12T21:22:03.295Z",
    "end": "2021-07-12T21:22:06.682Z",
    "duration": 3387,
    "testsRegistered": 11,
    "passPercent": 100,
    "pendingPercent": 0,
    "other": 0,
    "hasOther": false,
    "skipped": 0,
    "hasSkipped": false
  },
  "results": [
    {
      "uuid": "6038d4db-e4e1-478c-97f5-b681b61696d2",
      "title": "",
      "fullFile": "cypress/integration/Users/step_definations/api_.spec.js",
      "file": "cypress/integration/Users/step_definations/api_.spec.js",
      "beforeHooks": [],
      "afterHooks": [],
      "tests": [],
      "suites": [
        {
          "uuid": "cfb5a9bc-0004-4518-a31d-66156e3a568e",
          "title": "Verfiy Get api  request",
          "fullFile": "",
          "file": "",
          "beforeHooks": [],
          "afterHooks": [],
          "tests": [
            {
              "title": "Navigate to  Api Url ",
              "fullTitle": "Verfiy Get api  request Navigate to  Api Url ",
              "timedOut": null,
              "duration": 2584,
              "state": "passed",
              "speed": "slow",
              "pass": true,
              "fail": false,
              "pending": false,
              "context": null,
              "code": "cy.request(\"GET\", \"http://localhost:3000/\").then(function (response) {\n  expect(response.body).to.have.property(\"message\", \"hello\");\n});",
              "err": {},
              "uuid": "448e943b-6dc8-4ced-81a5-1fa9c8073e85",
              "parentUUID": "cfb5a9bc-0004-4518-a31d-66156e3a568e",
              "isHook": false,
              "skipped": false
            },
            {
              "title": "Verify correct HTTP status code.",
              "fullTitle": "Verfiy Get api  request Verify correct HTTP status code.",
              "timedOut": null,
              "duration": 51,
              "state": "passed",
              "speed": "medium",
              "pass": true,
              "fail": false,
              "pending": false,
              "context": null,
              "code": "cy.request(\"GET\", \"http://localhost:3000/\").then(function (response) {\n  expect(response.status).to.eq(200);\n});",
              "err": {},
              "uuid": "8f90b8eb-8e0a-4d0f-bf85-37728eb3e132",
              "parentUUID": "cfb5a9bc-0004-4518-a31d-66156e3a568e",
              "isHook": false,
              "skipped": false
            }
          ],
          "suites": [],
          "passes": [
            "448e943b-6dc8-4ced-81a5-1fa9c8073e85",
            "8f90b8eb-8e0a-4d0f-bf85-37728eb3e132"
          ],
          "failures": [],
          "pending": [],
          "skipped": [],
          "duration": 2635,
          "root": false,
          "rootEmpty": false,
          "_timeout": 2000
        },
        {
          "uuid": "10dac90d-7eb0-4613-8c02-f2f974673d3d",
          "title": "Verfiy Post api  request",
          "fullFile": "",
          "file": "",
          "beforeHooks": [],
          "afterHooks": [],
          "tests": [
            {
              "title": "Verify POST request ",
              "fullTitle": "Verfiy Post api  request Verify POST request ",
              "timedOut": null,
              "duration": 145,
              "state": "passed",
              "speed": "slow",
              "pass": true,
              "fail": false,
              "pending": false,
              "context": null,
              "code": "cy.log(myJSON);\ncy.request(\"POST\", \"http://localhost:3000/generate\", code).then(function (response) {\n  expect(response.body).has.property(\"message\", \"user generated\");\n});",
              "err": {},
              "uuid": "74689dc3-af9c-4575-8445-2a90c538d87e",
              "parentUUID": "10dac90d-7eb0-4613-8c02-f2f974673d3d",
              "isHook": false,
              "skipped": false
            },
            {
              "title": "Verify correct HTTP status code.",
              "fullTitle": "Verfiy Post api  request Verify correct HTTP status code.",
              "timedOut": null,
              "duration": 36,
              "state": "passed",
              "speed": "fast",
              "pass": true,
              "fail": false,
              "pending": false,
              "context": null,
              "code": "cy.request(\"POST\", \"http://localhost:3000/generate\", code).then(function (response) {\n  expect(response.status).to.eq(200);\n  expect(response.duration).to.not.be.greaterThan(1000);\n});",
              "err": {},
              "uuid": "d9d81a1c-2833-4101-9f9d-b0c99ff3c884",
              "parentUUID": "10dac90d-7eb0-4613-8c02-f2f974673d3d",
              "isHook": false,
              "skipped": false
            },
            {
              "title": "Verify Content-Type is present",
              "fullTitle": "Verfiy Post api  request Verify Content-Type is present",
              "timedOut": null,
              "duration": 50,
              "state": "passed",
              "speed": "medium",
              "pass": true,
              "fail": false,
              "pending": false,
              "context": null,
              "code": "cy.request(\"POST\", \"http://localhost:3000/generate\", code).its(\"headers\").its(\"content-type\").should(\"include\", \"application/json\");",
              "err": {},
              "uuid": "5e0d8526-8aa9-41d4-aaaf-11f44acb9ba5",
              "parentUUID": "10dac90d-7eb0-4613-8c02-f2f974673d3d",
              "isHook": false,
              "skipped": false
            },
            {
              "title": "Verify  Response time is less than 200ms",
              "fullTitle": "Verfiy Post api  request Verify  Response time is less than 200ms",
              "timedOut": null,
              "duration": 172,
              "state": "passed",
              "speed": "slow",
              "pass": true,
              "fail": false,
              "pending": false,
              "context": null,
              "code": "cy.request(\"POST\", \"http://localhost:3000/generate\", code).then(function (response) {\n  expect(response.duration).to.not.be.greaterThan(1000);\n});",
              "err": {},
              "uuid": "ddcb86b4-ec62-477a-983b-d3f273b24854",
              "parentUUID": "10dac90d-7eb0-4613-8c02-f2f974673d3d",
              "isHook": false,
              "skipped": false
            },
            {
              "title": "Verify response header ",
              "fullTitle": "Verfiy Post api  request Verify response header ",
              "timedOut": null,
              "duration": 44,
              "state": "passed",
              "speed": "medium",
              "pass": true,
              "fail": false,
              "pending": false,
              "context": null,
              "code": "cy.request(\"POST\", \"http://localhost:3000/generate\", code).then(function (response) {\n  expect(response).to.have.property(\"headers\");\n});",
              "err": {},
              "uuid": "13f2e910-01c0-4315-aebc-53087c330566",
              "parentUUID": "10dac90d-7eb0-4613-8c02-f2f974673d3d",
              "isHook": false,
              "skipped": false
            },
            {
              "title": "Body is not blanck ",
              "fullTitle": "Verfiy Post api  request Body is not blanck ",
              "timedOut": null,
              "duration": 32,
              "state": "passed",
              "speed": "fast",
              "pass": true,
              "fail": false,
              "pending": false,
              "context": null,
              "code": "cy.request(\"POST\", \"http://localhost:3000/generate\", code).then(function (response) {\n  expect(response).to.not.be[\"null\"];\n});",
              "err": {},
              "uuid": "7763d2b0-822d-45a5-86e5-a3ef6ebd79e2",
              "parentUUID": "10dac90d-7eb0-4613-8c02-f2f974673d3d",
              "isHook": false,
              "skipped": false
            },
            {
              "title": "Verify  Post Api response object and mandatory fileds",
              "fullTitle": "Verfiy Post api  request Verify  Post Api response object and mandatory fileds",
              "timedOut": null,
              "duration": 73,
              "state": "passed",
              "speed": "medium",
              "pass": true,
              "fail": false,
              "pending": false,
              "context": null,
              "code": "cy.request(\"POST\", \"http://localhost:3000/generate\", code).then(function (response) {\n  var userData = response.body.user; //validates Objects {country,address,personal_profile}\n  expect(userData).to.have.all.keys(\"country\", \"address\", \"personal_profile\");\n  expect(response.body).to.have.property(\"user\"); // validate object(personal_profile) fields {first_name,last_name,date_of_birth,mobile_phone,national_id}\n  var personalProfile = userData.personal_profile;\n  var address = userData.address;\n  expect(personalProfile).to.have.all.keys(\"first_name\", \"last_name\", \"date_of_birth\", \"mobile_phone\", \"national_id\");\n  expect(personalProfile.first_name).to.not.be[\"null\"];\n  expect(personalProfile.last_name).to.not.be[\"null\"];\n  expect(personalProfile.date_of_birth).to.not.be[\"null\"];\n  expect(personalProfile.mobile_phone).to.not.be[\"null\"];\n  var mobileNumber = personalProfile.mobile_phone;\n  expect(mobileNumber).to.have.lengthOf(13);\n  expect(address).to.have.all.keys(\"country\", \"address_line1\", \"address_line2\", \"city\", \"post_code\", \"region_name\", \"landline\", \"first_name\", \"last_name\", \"company\");\n  expect(address.country).to.not.be[\"null\"];\n  expect(address.landline).to.not.be[\"null\"];\n  expect(address.first_name).to.not.be[\"null\"];\n  expect(address.last_name).to.not.be[\"null\"];\n  expect(address.company).to.not.be[\"null\"];\n});",
              "err": {},
              "uuid": "8e5fe739-f86c-4520-9da3-df2647f24fa9",
              "parentUUID": "10dac90d-7eb0-4613-8c02-f2f974673d3d",
              "isHook": false,
              "skipped": false
            },
            {
              "title": "Verify available country codes",
              "fullTitle": "Verfiy Post api  request Verify available country codes",
              "timedOut": null,
              "duration": 48,
              "state": "passed",
              "speed": "medium",
              "pass": true,
              "fail": false,
              "pending": false,
              "context": null,
              "code": "cy.request(\"POST\", \"http://localhost:3000/generate\", code).then(function (response) {\n  var userData = response.body.user;\n  var address = userData.address;\n  expect(address.country).to.equal(\"PK\");\n});",
              "err": {},
              "uuid": "90ad9bcc-c01d-407d-b4bc-c3d0fbfc923d",
              "parentUUID": "10dac90d-7eb0-4613-8c02-f2f974673d3d",
              "isHook": false,
              "skipped": false
            },
            {
              "title": "Verify response body shoudl not be null ",
              "fullTitle": "Verfiy Post api  request Verify response body shoudl not be null ",
              "timedOut": null,
              "duration": 34,
              "state": "passed",
              "speed": "fast",
              "pass": true,
              "fail": false,
              "pending": false,
              "context": null,
              "code": "cy.request(\"POST\", \"http://localhost:3000/generate\", code).then(function (response) {\n  expect(response).to.not.be[\"null\"];\n});",
              "err": {},
              "uuid": "d015f7a3-ac5d-459b-9574-ac2850822d6a",
              "parentUUID": "10dac90d-7eb0-4613-8c02-f2f974673d3d",
              "isHook": false,
              "skipped": false
            }
          ],
          "suites": [],
          "passes": [
            "74689dc3-af9c-4575-8445-2a90c538d87e",
            "d9d81a1c-2833-4101-9f9d-b0c99ff3c884",
            "5e0d8526-8aa9-41d4-aaaf-11f44acb9ba5",
            "ddcb86b4-ec62-477a-983b-d3f273b24854",
            "13f2e910-01c0-4315-aebc-53087c330566",
            "7763d2b0-822d-45a5-86e5-a3ef6ebd79e2",
            "8e5fe739-f86c-4520-9da3-df2647f24fa9",
            "90ad9bcc-c01d-407d-b4bc-c3d0fbfc923d",
            "d015f7a3-ac5d-459b-9574-ac2850822d6a"
          ],
          "failures": [],
          "pending": [],
          "skipped": [],
          "duration": 634,
          "root": false,
          "rootEmpty": false,
          "_timeout": 2000
        }
      ],
      "passes": [],
      "failures": [],
      "pending": [],
      "skipped": [],
      "duration": 0,
      "root": true,
      "rootEmpty": true,
      "_timeout": 2000
    }
  ],
  "meta": {
    "mocha": {
      "version": "7.0.1"
    },
    "mochawesome": {
      "options": {
        "quiet": false,
        "reportFilename": "report",
        "saveHtml": true,
        "saveJson": true,
        "consoleReporter": "spec",
        "useInlineDiffs": false,
        "code": true
      },
      "version": "6.2.2"
    },
    "marge": {
      "options": {
        "reportDir": "cypress/reports",
        "reportFilename": "report",
        "overwrite": false,
        "html": true,
        "json": true,
        "charts": true
      },
      "version": "5.2.0"
    }
  }
}